<?xml version="1.0" encoding="UTF-8"?>
<!-- Generated by org.testng.reporters.JUnitReportReporter -->
<testsuite hostname="DESKTOP-RCCV6C2" failures="0" tests="5" name="com.mk.testcases.LoginTest" time="42.139" errors="0" timestamp="2024-11-17T23:53:19 IST" skipped="0">
  <testcase classname="com.mk.testcases.LoginTest" name="loginTest" time="6.468"/>
  <testcase classname="com.mk.testcases.LoginTest" name="loginTest" time="5.166"/>
  <testcase classname="com.mk.testcases.LoginTest" name="loginTest" time="8.019"/>
  <testcase classname="com.mk.testcases.LoginTest" name="loginTest" time="14.914"/>
  <testcase classname="com.mk.testcases.LoginTest" name="loginTest" time="7.572"/>
</testsuite> <!-- com.mk.testcases.LoginTest -->
