<?xml version="1.0" encoding="UTF-8"?>
<!-- Generated by org.testng.reporters.JUnitReportReporter -->
<testsuite hostname="DESKTOP-RCCV6C2" failures="0" tests="5" name="com.mk.testcases.LoginTest" time="24.752" errors="0" timestamp="2024-12-04T22:10:35 IST" skipped="0">
  <testcase classname="com.mk.testcases.LoginTest" name="loginTest" time="3.366"/>
  <system-out/>
  <testcase classname="com.mk.testcases.LoginTest" name="loginTest" time="12.799"/>
  <system-out/>
  <testcase classname="com.mk.testcases.LoginTest" name="loginTest" time="3.378"/>
  <system-out/>
  <testcase classname="com.mk.testcases.LoginTest" name="loginTest" time="2.688"/>
  <system-out/>
  <testcase classname="com.mk.testcases.LoginTest" name="loginTest" time="2.521"/>
  <system-out/>
</testsuite> <!-- com.mk.testcases.LoginTest -->
