<?xml version="1.0" encoding="UTF-8"?>
<!-- Generated by org.testng.reporters.JUnitReportReporter -->
<testsuite hostname="DESKTOP-RCCV6C2" failures="0" tests="3" name="api.test.DDTests" time="8.117" errors="0" timestamp="2024-10-12T17:45:18 IST" skipped="0">
  <testcase classname="api.test.DDTests" name="testPostUser" time="1.127"/>
  <system-out/>
  <testcase classname="api.test.DDTests" name="testPostUser" time="5.854"/>
  <system-out/>
  <testcase classname="api.test.DDTests" name="testPostUser" time="1.136"/>
  <system-out/>
</testsuite> <!-- api.test.DDTests -->
