<?xml version="1.0" encoding="UTF-8"?>
<!-- Generated by org.testng.reporters.JUnitReportReporter -->
<testsuite hostname="DESKTOP-RCCV6C2" failures="0" tests="4" name="api.test.UserTests" time="10.142" errors="0" timestamp="2024-10-12T21:51:11 IST" skipped="0">
  <testcase classname="api.test.UserTests" name="testPostUser" time="5.492"/>
  <system-out/>
  <testcase classname="api.test.UserTests" name="testGetUserByName" time="1.203"/>
  <system-out/>
  <testcase classname="api.test.UserTests" name="testupdateUserByName" time="2.321"/>
  <system-out/>
  <testcase classname="api.test.UserTests" name="testDeleteUserByName" time="1.126"/>
  <system-out/>
</testsuite> <!-- api.test.UserTests -->
