<?xml version="1.0" encoding="UTF-8"?>
<!-- Generated by org.testng.reporters.JUnitReportReporter -->
<testsuite hostname="DESKTOP-RCCV6C2" failures="0" tests="3" name="api.test.DDTests" time="8.403" errors="0" timestamp="2024-10-13T10:56:18 IST" skipped="0">
  <testcase classname="api.test.DDTests" name="testPostUser" time="1.195"/>
  <testcase classname="api.test.DDTests" name="testPostUser" time="6.064"/>
  <testcase classname="api.test.DDTests" name="testPostUser" time="1.144"/>
</testsuite> <!-- api.test.DDTests -->
